<?xml version="1.0" encoding="UTF-8"?>
<!-- Generated by org.testng.reporters.JUnitReportReporter -->
<testsuite hostname="DESKTOP-OJFEH9S" failures="0" tests="1" name="browserstock.stack" time="616.853" errors="0" timestamp="2023-04-25T18:10:08 IST" skipped="0">
  <testcase classname="browserstock.stack" name="test" time="616.853"/>
  <system-out/>
</testsuite> <!-- browserstock.stack -->
